<?xml version="1.0" encoding="UTF-8"?>
<!-- Generated by org.testng.reporters.JUnitReportReporter -->
<testsuite hostname="DESKTOP-U9N7PT3" failures="0" tests="1" name="com.hrms.testscripts.TC002" time="28.488" errors="0" timestamp="11 May 2023 10:11:40 GMT">
  <testcase classname="com.hrms.testscripts.TC002" name="tc002" time="28.488"/>
</testsuite> <!-- com.hrms.testscripts.TC002 -->
